# JRE version: Java(TM) SE Runtime Environment (7.0_80-b15) (build 1.7.0_80-b15)
# Java VM: Java HotSpot(TM) 64-Bit Server VM (24.80-b11 mixed mode windows-amd64 compressed oops)
Heap
 PSYoungGen      total 435712K, used 9170K [0x00000007c0800000, 0x00000007e2380000, 0x0000000800000000)
  eden space 397824K, 2% used [0x00000007c0800000,0x00000007c10f4848,0x00000007d8c80000)
  from space 37888K, 0% used [0x00000007dd980000,0x00000007dd980000,0x00000007dfe80000)
  to   space 36864K, 0% used [0x00000007dff80000,0x00000007dff80000,0x00000007e2380000)
 ParOldGen       total 668160K, used 61107K [0x0000000741800000, 0x000000076a480000, 0x00000007c0800000)
  object space 668160K, 9% used [0x0000000741800000,0x00000007453acfe8,0x000000076a480000)
 PSPermGen       total 83968K, used 83967K [0x000000073c600000, 0x0000000741800000, 0x0000000741800000)
  object space 83968K, 99% used [0x000000073c600000,0x00000007417fffd8,0x0000000741800000)
GC Heap History (10 events):
Event: 112.997 GC heap before
{Heap before GC invocations=20 (full 5):
 PSYoungGen      total 428544K, used 0K [0x00000007c0800000, 0x00000007e4800000, 0x0000000800000000)
  eden space 390144K, 0% used [0x00000007c0800000,0x00000007c0800000,0x00000007d8500000)
  from space 38400K, 0% used [0x00000007dfd00000,0x00000007dfd00000,0x00000007e2280000)
  to   space 37888K, 0% used [0x00000007e2300000,0x00000007e2300000,0x00000007e4800000)
 ParOldGen       total 273920K, used 67157K [0x0000000741800000, 0x0000000752380000, 0x00000007c0800000)
  object space 273920K, 24% used [0x0000000741800000,0x00000007459957f0,0x0000000752380000)
 PSPermGen       total 83968K, used 83967K [0x000000073c600000, 0x0000000741800000, 0x0000000741800000)
  object space 83968K, 99% used [0x000000073c600000,0x00000007417fffe8,0x0000000741800000)
Event: 113.462 GC heap after
Heap after GC invocations=20 (full 5):
 PSYoungGen      total 428544K, used 0K [0x00000007c0800000, 0x00000007e4800000, 0x0000000800000000)
  eden space 390144K, 0% used [0x00000007c0800000,0x00000007c0800000,0x00000007d8500000)
  from space 38400K, 0% used [0x00000007dfd00000,0x00000007dfd00000,0x00000007e2280000)
  to   space 37888K, 0% used [0x00000007e2300000,0x00000007e2300000,0x00000007e4800000)
 ParOldGen       total 380416K, used 61181K [0x0000000741800000, 0x0000000758b80000, 0x00000007c0800000)
  object space 380416K, 16% used [0x0000000741800000,0x00000007453bf430,0x0000000758b80000)
 PSPermGen       total 83968K, used 83837K [0x000000073c600000, 0x0000000741800000, 0x0000000741800000)
  object space 83968K, 99% used [0x000000073c600000,0x00000007417df450,0x0000000741800000)
}
Event: 113.513 GC heap before
{Heap before GC invocations=21 (full 5):
 PSYoungGen      total 428544K, used 11197K [0x00000007c0800000, 0x00000007e4800000, 0x0000000800000000)
  eden space 390144K, 2% used [0x00000007c0800000,0x00000007c12ef680,0x00000007d8500000)
  from space 38400K, 0% used [0x00000007dfd00000,0x00000007dfd00000,0x00000007e2280000)
  to   space 37888K, 0% used [0x00000007e2300000,0x00000007e2300000,0x00000007e4800000)
 ParOldGen       total 380416K, used 61181K [0x0000000741800000, 0x0000000758b80000, 0x00000007c0800000)
  object space 380416K, 16% used [0x0000000741800000,0x00000007453bf430,0x0000000758b80000)
 PSPermGen       total 83968K, used 83967K [0x000000073c600000, 0x0000000741800000, 0x0000000741800000)
  object space 83968K, 99% used [0x000000073c600000,0x00000007417fffd8,0x0000000741800000)
Event: 113.516 GC heap after
Heap after GC invocations=21 (full 5):
 PSYoungGen      total 394752K, used 96K [0x00000007c0800000, 0x00000007e2380000, 0x0000000800000000)
  eden space 394240K, 0% used [0x00000007c0800000,0x00000007c0800000,0x00000007d8900000)
  from space 512K, 18% used [0x00000007e2300000,0x00000007e2318000,0x00000007e2380000)
  to   space 37888K, 0% used [0x00000007dd980000,0x00000007dd980000,0x00000007dfe80000)
 ParOldGen       total 380416K, used 61181K [0x0000000741800000, 0x0000000758b80000, 0x00000007c0800000)
  object space 380416K, 16% used [0x0000000741800000,0x00000007453bf430,0x0000000758b80000)
 PSPermGen       total 83968K, used 83967K [0x000000073c600000, 0x0000000741800000, 0x0000000741800000)
  object space 83968K, 99% used [0x000000073c600000,0x00000007417fffd8,0x0000000741800000)
}
Event: 113.516 GC heap before
{Heap before GC invocations=22 (full 6):
 PSYoungGen      total 394752K, used 96K [0x00000007c0800000, 0x00000007e2380000, 0x0000000800000000)
  eden space 394240K, 0% used [0x00000007c0800000,0x00000007c0800000,0x00000007d8900000)
  from space 512K, 18% used [0x00000007e2300000,0x00000007e2318000,0x00000007e2380000)
  to   space 37888K, 0% used [0x00000007dd980000,0x00000007dd980000,0x00000007dfe80000)
 ParOldGen       total 380416K, used 61181K [0x0000000741800000, 0x0000000758b80000, 0x00000007c0800000)
  object space 380416K, 16% used [0x0000000741800000,0x00000007453bf430,0x0000000758b80000)
 PSPermGen       total 83968K, used 83967K [0x000000073c600000, 0x0000000741800000, 0x0000000741800000)
  object space 83968K, 99% used [0x000000073c600000,0x00000007417fffd8,0x0000000741800000)
Event: 113.791 GC heap after
Heap after GC invocations=22 (full 6):
 PSYoungGen      total 394752K, used 0K [0x00000007c0800000, 0x00000007e2380000, 0x0000000800000000)
  eden space 394240K, 0% used [0x00000007c0800000,0x00000007c0800000,0x00000007d8900000)
  from space 512K, 0% used [0x00000007e2300000,0x00000007e2300000,0x00000007e2380000)
  to   space 37888K, 0% used [0x00000007dd980000,0x00000007dd980000,0x00000007dfe80000)
 ParOldGen       total 500736K, used 61107K [0x0000000741800000, 0x0000000760100000, 0x00000007c0800000)
  object space 500736K, 12% used [0x0000000741800000,0x00000007453acfe8,0x0000000760100000)
 PSPermGen       total 83968K, used 83967K [0x000000073c600000, 0x0000000741800000, 0x0000000741800000)
  object space 83968K, 99% used [0x000000073c600000,0x00000007417fffd8,0x0000000741800000)
}
Event: 113.791 GC heap before
{Heap before GC invocations=23 (full 6):
 PSYoungGen      total 394752K, used 0K [0x00000007c0800000, 0x00000007e2380000, 0x0000000800000000)
  eden space 394240K, 0% used [0x00000007c0800000,0x00000007c0800000,0x00000007d8900000)
  from space 512K, 0% used [0x00000007e2300000,0x00000007e2300000,0x00000007e2380000)
  to   space 37888K, 0% used [0x00000007dd980000,0x00000007dd980000,0x00000007dfe80000)
 ParOldGen       total 500736K, used 61107K [0x0000000741800000, 0x0000000760100000, 0x00000007c0800000)
  object space 500736K, 12% used [0x0000000741800000,0x00000007453acfe8,0x0000000760100000)
 PSPermGen       total 83968K, used 83967K [0x000000073c600000, 0x0000000741800000, 0x0000000741800000)
  object space 83968K, 99% used [0x000000073c600000,0x00000007417fffd8,0x0000000741800000)
Event: 113.793 GC heap after
Heap after GC invocations=23 (full 6):
 PSYoungGen      total 435712K, used 0K [0x00000007c0800000, 0x00000007e2380000, 0x0000000800000000)
  eden space 397824K, 0% used [0x00000007c0800000,0x00000007c0800000,0x00000007d8c80000)
  from space 37888K, 0% used [0x00000007dd980000,0x00000007dd980000,0x00000007dfe80000)
  to   space 36864K, 0% used [0x00000007dff80000,0x00000007dff80000,0x00000007e2380000)
 ParOldGen       total 500736K, used 61107K [0x0000000741800000, 0x0000000760100000, 0x00000007c0800000)
  object space 500736K, 12% used [0x0000000741800000,0x00000007453acfe8,0x0000000760100000)
 PSPermGen       total 83968K, used 83967K [0x000000073c600000, 0x0000000741800000, 0x0000000741800000)
  object space 83968K, 99% used [0x000000073c600000,0x00000007417fffd8,0x0000000741800000)
}
Event: 113.793 GC heap before
{Heap before GC invocations=24 (full 7):
 PSYoungGen      total 435712K, used 0K [0x00000007c0800000, 0x00000007e2380000, 0x0000000800000000)
  eden space 397824K, 0% used [0x00000007c0800000,0x00000007c0800000,0x00000007d8c80000)
  from space 37888K, 0% used [0x00000007dd980000,0x00000007dd980000,0x00000007dfe80000)
  to   space 36864K, 0% used [0x00000007dff80000,0x00000007dff80000,0x00000007e2380000)
 ParOldGen       total 500736K, used 61107K [0x0000000741800000, 0x0000000760100000, 0x00000007c0800000)
  object space 500736K, 12% used [0x0000000741800000,0x00000007453acfe8,0x0000000760100000)
 PSPermGen       total 83968K, used 83967K [0x000000073c600000, 0x0000000741800000, 0x0000000741800000)
  object space 83968K, 99% used [0x000000073c600000,0x00000007417fffd8,0x0000000741800000)
Event: 113.939 GC heap after
Heap after GC invocations=24 (full 7):
 PSYoungGen      total 435712K, used 0K [0x00000007c0800000, 0x00000007e2380000, 0x0000000800000000)
  eden space 397824K, 0% used [0x00000007c0800000,0x00000007c0800000,0x00000007d8c80000)
  from space 37888K, 0% used [0x00000007dd980000,0x00000007dd980000,0x00000007dfe80000)
  to   space 36864K, 0% used [0x00000007dff80000,0x00000007dff80000,0x00000007e2380000)
 ParOldGen       total 668160K, used 61107K [0x0000000741800000, 0x000000076a480000, 0x00000007c0800000)
  object space 668160K, 9% used [0x0000000741800000,0x00000007453acfe8,0x000000076a480000)
 PSPermGen       total 83968K, used 83967K [0x000000073c600000, 0x0000000741800000, 0x0000000741800000)
  object space 83968K, 99% used [0x000000073c600000,0x00000007417fffd8,0x0000000741800000)
}

